<?xml version="1.0" encoding="UTF-8" ?>
<!DOCTYPE mapper
        PUBLIC "-//mybatis.org//DTD Mapper 3.0//EN"
        "http://mybatis.org/dtd/mybatis-3-mapper.dtd">
<mapper namespace="com.architecture.springboot.mapper.TestMapper">
    <insert id="insertTest">
        insert into test(name) VALUES (#{name})
    </insert>
    <select id="getTests" resultType="TestDto">
        select * from test
    </select>
</mapper>